Thu Jun 04 14:57:33 CST 2015  [debug] AvalonLogSystem initialized using logfile 'F:\GONOJ2EE4WEB\.metadata\.plugins\com.genuitec.eclipse.templates\velocity.log'
Thu Jun 04 14:57:33 CST 2015   [info] ************************************************************** 
Thu Jun 04 14:57:33 CST 2015   [info] Starting Jakarta Velocity v1.4
Thu Jun 04 14:57:33 CST 2015   [info] RuntimeInstance initializing.
Thu Jun 04 14:57:33 CST 2015   [info] Default Properties File: org\apache\velocity\runtime\defaults\velocity.properties
Thu Jun 04 14:57:33 CST 2015   [info] Trying to use logger class org.apache.velocity.runtime.log.AvalonLogSystem
Thu Jun 04 14:57:33 CST 2015   [info] Using logger class org.apache.velocity.runtime.log.AvalonLogSystem
Thu Jun 04 14:57:33 CST 2015   [info] Default ResourceManager initializing. (class org.apache.velocity.runtime.resource.ResourceManagerImpl)
Thu Jun 04 14:57:33 CST 2015   [info] Resource Loader Instantiated: com.genuitec.eclipse.templates.internal.PluginResourceLoader
Thu Jun 04 14:57:33 CST 2015   [info] ResourceCache : initialized. (class org.apache.velocity.runtime.resource.ResourceCacheImpl)
Thu Jun 04 14:57:33 CST 2015   [info] Default ResourceManager initialization complete.
Thu Jun 04 14:57:33 CST 2015   [info] Loaded System Directive: org.apache.velocity.runtime.directive.Literal
Thu Jun 04 14:57:33 CST 2015   [info] Loaded System Directive: org.apache.velocity.runtime.directive.Macro
Thu Jun 04 14:57:33 CST 2015   [info] Loaded System Directive: org.apache.velocity.runtime.directive.Parse
Thu Jun 04 14:57:33 CST 2015   [info] Loaded System Directive: org.apache.velocity.runtime.directive.Include
Thu Jun 04 14:57:33 CST 2015   [info] Loaded System Directive: org.apache.velocity.runtime.directive.Foreach
Thu Jun 04 14:57:34 CST 2015   [info] Created: 20 parsers.
Thu Jun 04 14:57:34 CST 2015   [info] Velocimacro : initialization starting.
Thu Jun 04 14:57:34 CST 2015   [info] Velocimacro : adding VMs from VM library template : VM_global_library.vm
Thu Jun 04 14:57:34 CST 2015   [info] ResourceManager : found VM_global_library.vm with loader com.genuitec.eclipse.templates.internal.PluginResourceLoader
Thu Jun 04 14:57:34 CST 2015   [info] Velocimacro :  VM library template macro registration complete.
Thu Jun 04 14:57:34 CST 2015   [info] Velocimacro : allowInline = true : VMs can be defined inline in templates
Thu Jun 04 14:57:34 CST 2015   [info] Velocimacro : allowInlineToOverride = true : VMs defined inline may replace previous VM definitions
Thu Jun 04 14:57:34 CST 2015   [info] Velocimacro : allowInlineLocal = true : VMs defined inline will be local to their defining template only.
Thu Jun 04 14:57:34 CST 2015   [info] Velocimacro : messages on  : VM system will output logging messages
Thu Jun 04 14:57:34 CST 2015   [info] Velocimacro : autoload off  : VM system will not automatically reload global library macros
Thu Jun 04 14:57:34 CST 2015   [info] Velocimacro : initialization complete.
Thu Jun 04 14:57:34 CST 2015   [info] Velocity successfully started.
Thu Jun 04 14:57:34 CST 2015   [info] ResourceManager : found templates/web.xml.vm with loader com.genuitec.eclipse.templates.internal.PluginResourceLoader
Thu Jun 04 14:57:34 CST 2015   [info] ResourceManager : found /templates/velocity/welcome/Jsp.vtl with loader com.genuitec.eclipse.templates.internal.PluginResourceLoader
Thu Jun 04 14:58:13 CST 2015   [info] ResourceManager : found templates/web.xml.vm with loader com.genuitec.eclipse.templates.internal.PluginResourceLoader
Thu Jun 04 14:58:13 CST 2015   [info] ResourceManager : found /templates/velocity/welcome/Jsp.vtl with loader com.genuitec.eclipse.templates.internal.PluginResourceLoader
