#
# A fatal error has been detected by the Java Runtime Environment:
#
#  EXCEPTION_ACCESS_VIOLATION (0xc0000005) at pc=0x68f9fd10, pid=4172, tid=8564
#
# JRE version: 7.0_25-b17
# Java VM: Java HotSpot(TM) Client VM (23.25-b01 mixed mode windows-x86 )
# Problematic frame:
# V  [jvm.dll+0x1fd10]
#
# Failed to write core dump. Minidumps are not enabled by default on client versions of Windows
#
# If you would like to submit a bug report, please visit:
#   http://bugreport.sun.com/bugreport/crash.jsp
#

---------------  T H R E A D  ---------------

Current thread (0x0431dc00):  JavaThread "JDWP Transport Listener: dt_socket" daemon [_thread_in_vm, id=8564, stack(0x04e10000,0x04e60000)]

siginfo: ExceptionCode=0xc0000005, reading address 0x00000008

Registers:
EAX=0x0f0cdf18, EBX=0x0f0cdf18, ECX=0x00000000, EDX=0x00000000
ESP=0x04e5f550, EBP=0x04e5f554, ESI=0x00000000, EDI=0x0431dc00
EIP=0x68f9fd10, EFLAGS=0x00010246

Top of Stack: (sp=0x04e5f550)
0x04e5f550:   0431dd28 04e5f57c 69022db3 0f0cdf18
0x04e5f560:   0431dd28 727de174 727de15c 0431dc00
0x04e5f570:   00000000 0431dd28 04e5f640 727de99c
0x04e5f580:   727c63b2 0431dd28 0429998c 00000000
0x04e5f590:   04e5f5b4 04e5f640 04378b50 04e5f5f0
0x04e5f5a0:   0429998c 04e5f5c0 727cbd12 04e5f5c0
0x04e5f5b0:   04e5f5f4 727de890 727b5004 727e2c68
0x04e5f5c0:   043a0dd0 0000000b 00000000 00000013 

Instructions: (pc=0x68f9fd10)
0x68f9fcf0:   8b 0d a4 6d 27 69 85 c9 7e 05 8b 0c 01 eb 02 33
0x68f9fd00:   c9 8b 15 a8 6d 27 69 85 d2 7e 05 8b 04 02 eb 03
0x68f9fd10:   8b 46 08 85 c0 75 0f 33 c9 50 51 e8 00 66 14 00
0x68f9fd20:   83 c4 08 5e 5d c3 8d 4c 4e 0c 50 51 e8 ef 65 14 


Register to memory mapping:

EAX=
[error occurred during error reporting (printing register info), id 0xc0000005]

Stack: [0x04e10000,0x04e60000],  sp=0x04e5f550,  free space=317k
Native frames: (J=compiled Java code, j=interpreted, Vv=VM code, C=native code)
V  [jvm.dll+0x1fd10]
V  [jvm.dll+0xa2db3]


---------------  P R O C E S S  ---------------

Java Threads: ( => current thread )
  0x04332400 JavaThread "Service Thread" daemon [_thread_blocked, id=9044, stack(0x05050000,0x050a0000)]
  0x0432f800 JavaThread "C1 CompilerThread0" daemon [_thread_blocked, id=8872, stack(0x04870000,0x048c0000)]
  0x04321400 JavaThread "JDWP Command Reader" daemon [_thread_in_native, id=6484, stack(0x048d0000,0x04920000)]
  0x04320000 JavaThread "JDWP Event Helper Thread" daemon [_thread_blocked, id=8136, stack(0x04ed0000,0x04f20000)]
=>0x0431dc00 JavaThread "JDWP Transport Listener: dt_socket" daemon [_thread_in_vm, id=8564, stack(0x04e10000,0x04e60000)]
  0x04311c00 JavaThread "Attach Listener" daemon [_thread_blocked, id=8896, stack(0x04920000,0x04970000)]
  0x0430ec00 JavaThread "Signal Dispatcher" daemon [_thread_blocked, id=8332, stack(0x04820000,0x04870000)]
  0x04291800 JavaThread "Finalizer" daemon [_thread_blocked, id=2664, stack(0x044f0000,0x04540000)]
  0x0428c400 JavaThread "Reference Handler" daemon [_thread_blocked, id=2376, stack(0x04490000,0x044e0000)]
  0x0083b400 JavaThread "main" [_thread_blocked, id=2852, stack(0x00750000,0x007a0000)]

Other Threads:
  0x04286c00 VMThread [stack: 0x04570000,0x045c0000] [id=7484]
  0x04343000 WatcherThread [stack: 0x05190000,0x051e0000] [id=2308]

VM state:not at safepoint (normal execution)

VM Mutex/Monitor currently owned by a thread: None

Heap
 def new generation   total 4928K, used 796K [0x0f010000, 0x0f560000, 0x14560000)
  eden space 4416K,  18% used [0x0f010000, 0x0f0d7250, 0x0f460000)
  from space 512K,   0% used [0x0f460000, 0x0f460000, 0x0f4e0000)
  to   space 512K,   0% used [0x0f4e0000, 0x0f4e0000, 0x0f560000)
 tenured generation   total 10944K, used 0K [0x14560000, 0x15010000, 0x1f010000)
   the space 10944K,   0% used [0x14560000, 0x14560000, 0x14560200, 0x15010000)
 compacting perm gen  total 12288K, used 1800K [0x1f010000, 0x1fc10000, 0x23010000)
   the space 12288K,  14% used [0x1f010000, 0x1f1d2098, 0x1f1d2200, 0x1fc10000)
No shared spaces configured.

Card table byte_map: [0x041d0000,0x04280000] byte_map_base: 0x04157f80

Polling page: 0x00130000

Code Cache  [0x021d0000, 0x02268000, 0x041d0000)
 total_blobs=139 nmethods=15 adapters=68 free_code_cache=32174Kb largest_free_block=32946816

Compilation events (10 events):
Event: 0.790 Thread 0x0432f800   11             java.lang.CharacterDataLatin1::getProperties (11 bytes)
Event: 0.790 Thread 0x0432f800 nmethod 11 0x02262108 code [0x02262200, 0x022622b0]
Event: 0.790 Thread 0x0432f800   12             java.lang.Character::toLowerCase (9 bytes)
Event: 0.790 Thread 0x0432f800 nmethod 12 0x02262388 code [0x02262490, 0x02262538]
Event: 0.790 Thread 0x0432f800   13             java.lang.CharacterDataLatin1::toLowerCase (39 bytes)
Event: 0.791 Thread 0x0432f800 nmethod 13 0x022625c8 code [0x022626c0, 0x022627a0]
Event: 0.791 Thread 0x0432f800   14             java.lang.String::toLowerCase (472 bytes)
Event: 0.793 Thread 0x0432f800 nmethod 14 0x02262888 code [0x02262ab0, 0x0226336c]
Event: 0.825 Thread 0x0432f800   15             java.lang.String::indexOf (166 bytes)
Event: 0.826 Thread 0x0432f800 nmethod 15 0x02263f48 code [0x02264060, 0x02264290]

GC Heap History (0 events):
No events

Deoptimization events (0 events):
No events

Internal exceptions (3 events):
Event: 0.096 Thread 0x0083b400 Threw 0x0f016060 at C:\jdk7u2_32P\jdk7u25\hotspot\src\share\vm\prims\jni.cpp:3994
Event: 0.791 Thread 0x0083b400 Threw 0x0f0c5dc0 at C:\jdk7u2_32P\jdk7u25\hotspot\src\share\vm\prims\jvm.cpp:1235
Event: 0.825 Thread 0x0083b400 Threw 0x0f0ca7c8 at C:\jdk7u2_32P\jdk7u25\hotspot\src\share\vm\prims\jvm.cpp:1235

Events (10 events):
Event: 87.564 Executing VM operation: GetCurrentLocation
Event: 87.564 Executing VM operation: GetCurrentLocation done
Event: 87.564 Executing VM operation: ChangeSingleStep
Event: 87.564 Executing VM operation: ChangeSingleStep done
Event: 87.566 Executing VM operation: ChangeSingleStep
Event: 87.566 Executing VM operation: ChangeSingleStep done
Event: 87.594 Executing VM operation: GetOrSetLocal
Event: 87.594 Executing VM operation: GetOrSetLocal done
Event: 87.598 Executing VM operation: GetOrSetLocal
Event: 87.598 Executing VM operation: GetOrSetLocal done


Dynamic libraries:
0x00ca0000 - 0x00ccf000 	C:\Program Files (x86)\Java\jdk1.7.0_25\bin\javaw.exe
0x77ad0000 - 0x77c50000 	C:\Windows\SysWOW64\ntdll.dll
0x77370000 - 0x77480000 	C:\Windows\syswow64\kernel32.dll
0x75650000 - 0x75697000 	C:\Windows\syswow64\KERNELBASE.dll
0x76e80000 - 0x76f20000 	C:\Windows\syswow64\ADVAPI32.dll
0x76dd0000 - 0x76e7c000 	C:\Windows\syswow64\msvcrt.dll
0x77020000 - 0x77039000 	C:\Windows\SysWOW64\sechost.dll
0x756a0000 - 0x75790000 	C:\Windows\syswow64\RPCRT4.dll
0x755e0000 - 0x75640000 	C:\Windows\syswow64\SspiCli.dll
0x755d0000 - 0x755dc000 	C:\Windows\syswow64\CRYPTBASE.dll
0x77230000 - 0x77330000 	C:\Windows\syswow64\USER32.dll
0x76d40000 - 0x76dd0000 	C:\Windows\syswow64\GDI32.dll
0x75640000 - 0x7564a000 	C:\Windows\syswow64\LPK.dll
0x757e0000 - 0x7587d000 	C:\Windows\syswow64\USP10.dll
0x716e0000 - 0x7187e000 	C:\Windows\WinSxS\x86_microsoft.windows.common-controls_6595b64144ccf1df_6.0.7601.18807_none_41e554362bd82458\COMCTL32.dll
0x76ce0000 - 0x76d37000 	C:\Windows\syswow64\SHLWAPI.dll
0x77610000 - 0x77670000 	C:\Windows\system32\IMM32.DLL
0x76a10000 - 0x76adc000 	C:\Windows\syswow64\MSCTF.dll
0x75360000 - 0x75389000 	C:\Windows\SysWOW64\nvinit.dll
0x0f000000 - 0x0f006000 	C:\Program Files (x86)\NVIDIA Corporation\CoProcManager\_etoured.dll
0x70110000 - 0x70163000 	C:\Program Files (x86)\NVIDIA Corporation\CoProcManager\nvd3d9wrap.dll
0x76820000 - 0x769bd000 	C:\Windows\syswow64\SETUPAPI.dll
0x769c0000 - 0x769e7000 	C:\Windows\syswow64\CFGMGR32.dll
0x76ae0000 - 0x76b6f000 	C:\Windows\syswow64\OLEAUT32.dll
0x770d0000 - 0x7722c000 	C:\Windows\syswow64\ole32.dll
0x769f0000 - 0x76a02000 	C:\Windows\syswow64\DEVOBJ.dll
0x700d0000 - 0x7010b000 	C:\Program Files (x86)\NVIDIA Corporation\CoProcManager\nvdxgiwrap.dll
0x71ab0000 - 0x71b6e000 	C:\Program Files (x86)\Java\jdk1.7.0_25\jre\bin\msvcr100.dll
0x68f80000 - 0x692c2000 	C:\Program Files (x86)\Java\jdk1.7.0_25\jre\bin\client\jvm.dll
0x74ea0000 - 0x74ea7000 	C:\Windows\system32\WSOCK32.dll
0x75790000 - 0x757c5000 	C:\Windows\syswow64\WS2_32.dll
0x757d0000 - 0x757d6000 	C:\Windows\syswow64\NSI.dll
0x73270000 - 0x732a2000 	C:\Windows\system32\WINMM.dll
0x77aa0000 - 0x77aa5000 	C:\Windows\syswow64\PSAPI.DLL
0x74df0000 - 0x74dfc000 	C:\Program Files (x86)\Java\jdk1.7.0_25\jre\bin\verify.dll
0x72c70000 - 0x72c90000 	C:\Program Files (x86)\Java\jdk1.7.0_25\jre\bin\java.dll
0x727c0000 - 0x727ea000 	C:\Program Files (x86)\Java\jdk1.7.0_25\jre\bin\jdwp.dll
0x74d80000 - 0x74d87000 	C:\Program Files (x86)\Java\jdk1.7.0_25\jre\bin\npt.dll
0x72c50000 - 0x72c63000 	C:\Program Files (x86)\Java\jdk1.7.0_25\jre\bin\zip.dll
0x727b0000 - 0x727b8000 	C:\Program Files (x86)\Java\jdk1.7.0_25\jre\bin\dt_socket.dll
0x74210000 - 0x74220000 	C:\Windows\system32\NLAapi.dll
0x74200000 - 0x74210000 	C:\Windows\system32\napinsp.dll
0x741e0000 - 0x741f2000 	C:\Windows\system32\pnrpnsp.dll
0x741a0000 - 0x741dc000 	C:\Windows\System32\mswsock.dll
0x74150000 - 0x74194000 	C:\Windows\system32\DNSAPI.dll
0x74140000 - 0x74148000 	C:\Windows\System32\winrnr.dll
0x74130000 - 0x7413d000 	C:\Windows\system32\wshbth.dll
0x751a0000 - 0x751bc000 	C:\Windows\system32\IPHLPAPI.DLL
0x75190000 - 0x75197000 	C:\Windows\system32\WINNSI.DLL
0x71080000 - 0x710b8000 	C:\Windows\System32\fwpuclnt.dll
0x74120000 - 0x74126000 	C:\Windows\system32\rasadhlp.dll
0x73780000 - 0x73785000 	C:\Windows\System32\wshtcpip.dll
0x73a20000 - 0x73b0b000 	C:\Windows\system32\dbghelp.dll

VM Arguments:
jvm_args: -agentlib:jdwp=transport=dt_socket,suspend=y,address=localhost:51388 -Dfile.encoding=GBK 
java_command: cn.bmy.bigdata.BigDataIntegerMain
Launcher Type: SUN_STANDARD

Environment Variables:
JAVA_HOME=C:\Program Files (x86)\Java\jdk1.7.0_25
PATH=C:\Program Files (x86)\Java\jdk1.7.0_25\jre\bin;C:/Program Files (x86)/Java/jdk1.7.0_25/bin/../jre/bin/client;C:/Program Files (x86)/Java/jdk1.7.0_25/bin/../jre/bin;C:/Program Files (x86)/Java/jdk1.7.0_25/bin/../jre/lib/i386;C:\Ruby193\bin;D:\app\bai\product\11.2.0\dbhome_1\bin;F:\app\bai\product\11.2.0\dbhome_1\bin;C:\Program Files (x86)\Java\jdk1.7.0_25\bin;c:\windows\system32;F:\MEC-SVN\bin;C:\Program Files (x86)\IDM Computer Solutions\UltraEdit\;D:\±à³ÌÈí¼þ\eclipse-jee-indigo-SR2-win32\eclipse;
USERNAME=bai
OS=Windows_NT
PROCESSOR_IDENTIFIER=Intel64 Family 6 Model 69 Stepping 1, GenuineIntel



---------------  S Y S T E M  ---------------

OS: Windows 7 , 64 bit Build 7601 Service Pack 1

CPU:total 4 (2 cores per cpu, 2 threads per core) family 6 model 69 stepping 1, cmov, cx8, fxsr, mmx, sse, sse2, sse3, ssse3, sse4.1, sse4.2, popcnt, avx, avx2, ht, tsc, tscinvbit

Memory: 4k page, physical 4099424k(2190664k free), swap 8196996k(5203076k free)

vm_info: Java HotSpot(TM) Client VM (23.25-b01) for windows-x86 JRE (1.7.0_25-b17), built on Jun 21 2013 13:06:48 by "java_re" with unknown MS VC++:1600

time: Fri May 22 10:32:26 2015
elapsed time: 87 seconds

